#
# A fatal error has been detected by the Java Runtime Environment:
#
#  EXCEPTION_ACCESS_VIOLATION (0xc0000005) at pc=0x00007fffb53557fc, pid=4440, tid=14904
#
# JRE version: Java(TM) SE Runtime Environment 18.9 (11.0.12+8) (build 11.0.12+8-LTS-237)
# Java VM: Java HotSpot(TM) 64-Bit Server VM 18.9 (11.0.12+8-LTS-237, mixed mode, tiered, compressed oops, g1 gc, windows-amd64)
# Problematic frame:
# C  [awt.dll+0xa57fc]
#
# No core dump will be written. Minidumps are not enabled by default on client versions of Windows
#
# If you would like to submit a bug report, please visit:
#   https://bugreport.java.com/bugreport/crash.jsp
# The crash happened outside the Java Virtual Machine in native code.
# See problematic frame for where to report the bug.
#

---------------  S U M M A R Y ------------

Command Line: -Djava.library.path=C:\Users\Victor\Documents\IdeaProjects\CanvasDemo\build\classes\kotlin\jvm\main -javaagent:C:\Program Files\JetBrains\IntelliJ IDEA Community Edition 2022.1.1\lib\idea_rt.jar=9679:C:\Program Files\JetBrains\IntelliJ IDEA Community Edition 2022.1.1\bin -Dfile.encoding=UTF-8 dev.victor.canvas.MainKt

Host: AMD Ryzen 5 5600 6-Core Processor              , 12 cores, 15G,  Windows 10 , 64 bit Build 19041 (10.0.19041.1741)
Time: Mon Jul 11 16:52:40 2022 Bahia Standard Time elapsed time: 3.734299 seconds (0d 0h 0m 3s)

---------------  T H R E A D  ---------------

Current thread (0x0000027cf5b95000):  JavaThread "AWT-Windows" daemon [_thread_in_native, id=14904, stack(0x000000b45a300000,0x000000b45a400000)]

Stack: [0x000000b45a300000,0x000000b45a400000],  sp=0x000000b45a3fb8e0,  free space=1006k
Native frames: (J=compiled Java code, j=interpreted, Vv=VM code, C=native code)
C  [awt.dll+0xa57fc]

Java frames: (J=compiled Java code, j=interpreted, Vv=VM code)
j  sun.awt.windows.WToolkit.eventLoop()V+0 java.desktop@11.0.12
j  sun.awt.windows.WToolkit.run()V+50 java.desktop@11.0.12
j  java.lang.Thread.run()V+11 java.base@11.0.12
v  ~StubRoutines::call_stub

siginfo: EXCEPTION_ACCESS_VIOLATION (0xc0000005), reading address 0x0000000000000038


Register to memory mapping:

RIP=0x00007fffb53557fc awt.dll
RAX=0x0000000000000001 is an unknown value
RBX=0x00000000002b11ea is an unknown value
RCX=0x0000000080000000 is an unknown value
RDX=0x0000000000000001 is an unknown value
RSP=0x000000b45a3fb8e0 is pointing into the stack for thread: 0x0000027cf5b95000
RBP=0x000000b45a3fbca8 is pointing into the stack for thread: 0x0000027cf5b95000
RSI=0x0 is NULL
RDI=0x0 is NULL
R8 =0x000000b45a3fb770 is pointing into the stack for thread: 0x0000027cf5b95000
R9 =0x000000b4589c8000 points into unknown readable memory: 0x0000000000000000 | 00 00 00 00 00 00 00 00
R10=0x00000000000011ea is an unknown value
R11=0x000000b45a3fb630 is pointing into the stack for thread: 0x0000027cf5b95000
R12=0x0000000000f512a8 is an unknown value
R13=0x0000000000f512a8 is an unknown value
R14=0x0 is NULL
R15=0x0 is NULL


Registers:
RAX=0x0000000000000001, RBX=0x00000000002b11ea, RCX=0x0000000080000000, RDX=0x0000000000000001
RSP=0x000000b45a3fb8e0, RBP=0x000000b45a3fbca8, RSI=0x0000000000000000, RDI=0x0000000000000000
R8 =0x000000b45a3fb770, R9 =0x000000b4589c8000, R10=0x00000000000011ea, R11=0x000000b45a3fb630
R12=0x0000000000f512a8, R13=0x0000000000f512a8, R14=0x0000000000000000, R15=0x0000000000000000
RIP=0x00007fffb53557fc, EFLAGS=0x0000000000010257

Top of Stack: (sp=0x000000b45a3fb8e0)
0x000000b45a3fb8e0:   00000000002b11ea 0000000000000000
0x000000b45a3fb8f0:   00000000000b000f 0000000000000006
0x000000b45a3fb900:   0000027c83b2e180 fffffffffffffffe
0x000000b45a3fb910:   0000000000000000 0000000000000000
0x000000b45a3fb920:   0000000000000000 0000027cce81f9c0
0x000000b45a3fb930:   0000000000000016 0000027cce810000
0x000000b45a3fb940:   0000027cce8102b0 000000b45a3fba09
0x000000b45a3fb950:   0000000000000040 0000027cce810db0
0x000000b45a3fb960:   0000027cce810000 0000000000000000
0x000000b45a3fb970:   0000000000000000 0000000000000040
0x000000b45a3fb980:   0000000000000036 0000000000000010
0x000000b45a3fb990:   0000027cce900000 000000b45a3fba59
0x000000b45a3fb9a0:   0000000000000004 00007ff80727b3c7
0x000000b45a3fb9b0:   0000027cce810000 0000000000000005
0x000000b45a3fb9c0:   0000000000000036 000000b400000000
0x000000b45a3fb9d0:   00007ff802f6a650 00007ff8029a426d 

Instructions: (pc=0x00007fffb53557fc)
0x00007fffb53557dc:   ff 15 0e 85 0a 00 4c 8b f0 45 33 c9 45 33 c0 ba
0x00007fffb53557ec:   64 04 00 00 48 8b cb ff 15 f7 84 0a 00 44 03 f0
0x00007fffb53557fc:   44 39 76 38 0f 83 e2 00 00 00 45 8b fe b8 02 00
0x00007fffb535580c:   00 00 49 f7 e7 48 c7 c1 ff ff ff ff 48 0f 40 c1 


Stack slot to memory mapping:
stack at sp + 0 slots: 0x00000000002b11ea is an unknown value
stack at sp + 1 slots: 0x0 is NULL
stack at sp + 2 slots: 0x00000000000b000f is an unknown value
stack at sp + 3 slots: 0x0000000000000006 is an unknown value
stack at sp + 4 slots: 0x0000027c83b2e180 points into unknown readable memory: 0x0000027cce81f9c0 | c0 f9 81 ce 7c 02 00 00
stack at sp + 5 slots: 0xfffffffffffffffe is an unknown value
stack at sp + 6 slots: 0x0 is NULL
stack at sp + 7 slots: 0x0 is NULL


---------------  P R O C E S S  ---------------

Threads class SMR info:
_java_thread_list=0x0000027cfec151c0, length=21, elements={
0x0000027cd0a64000, 0x0000027cf499c000, 0x0000027cf499d800, 0x0000027cf5296800,
0x0000027cf5298800, 0x0000027cf5299800, 0x0000027cf52ac800, 0x0000027cf52af800,
0x0000027cf52b1000, 0x0000027cf5426800, 0x0000027cf5ae2800, 0x0000027cf5ef3000,
0x0000027cf5b94000, 0x0000027cf5b95000, 0x0000027cf5ce3800, 0x0000027cf6e31800,
0x0000027cf6c6f000, 0x0000027cf6cc1000, 0x0000027cf6c70000, 0x0000027cfedff000,
0x0000027cf6d3b000
}

Java Threads: ( => current thread )
  0x0000027cd0a64000 JavaThread "main" [_thread_blocked, id=42792, stack(0x000000b458e00000,0x000000b458f00000)]
  0x0000027cf499c000 JavaThread "Reference Handler" daemon [_thread_blocked, id=1872, stack(0x000000b459500000,0x000000b459600000)]
  0x0000027cf499d800 JavaThread "Finalizer" daemon [_thread_blocked, id=43072, stack(0x000000b459600000,0x000000b459700000)]
  0x0000027cf5296800 JavaThread "Signal Dispatcher" daemon [_thread_blocked, id=41060, stack(0x000000b459700000,0x000000b459800000)]
  0x0000027cf5298800 JavaThread "Attach Listener" daemon [_thread_blocked, id=33956, stack(0x000000b459800000,0x000000b459900000)]
  0x0000027cf5299800 JavaThread "Service Thread" daemon [_thread_blocked, id=13856, stack(0x000000b459900000,0x000000b459a00000)]
  0x0000027cf52ac800 JavaThread "C2 CompilerThread0" daemon [_thread_blocked, id=32228, stack(0x000000b459a00000,0x000000b459b00000)]
  0x0000027cf52af800 JavaThread "C1 CompilerThread0" daemon [_thread_blocked, id=46464, stack(0x000000b459b00000,0x000000b459c00000)]
  0x0000027cf52b1000 JavaThread "Sweeper thread" daemon [_thread_blocked, id=23944, stack(0x000000b459c00000,0x000000b459d00000)]
  0x0000027cf5426800 JavaThread "Common-Cleaner" daemon [_thread_blocked, id=11492, stack(0x000000b459d00000,0x000000b459e00000)]
  0x0000027cf5ae2800 JavaThread "Monitor Ctrl-Break" daemon [_thread_in_native, id=45244, stack(0x000000b459f00000,0x000000b45a000000)]
  0x0000027cf5ef3000 JavaThread "Java2D Disposer" daemon [_thread_blocked, id=23512, stack(0x000000b45a100000,0x000000b45a200000)]
  0x0000027cf5b94000 JavaThread "AWT-Shutdown" [_thread_blocked, id=26728, stack(0x000000b45a200000,0x000000b45a300000)]
=>0x0000027cf5b95000 JavaThread "AWT-Windows" daemon [_thread_in_native, id=14904, stack(0x000000b45a300000,0x000000b45a400000)]
  0x0000027cf5ce3800 JavaThread "AWT-EventQueue-0" [_thread_blocked, id=31048, stack(0x000000b45a400000,0x000000b45a500000)]
  0x0000027cf6e31800 JavaThread "DefaultDispatcher-worker-1" daemon [_thread_blocked, id=38704, stack(0x000000b45af70000,0x000000b45b070000)]
  0x0000027cf6c6f000 JavaThread "DefaultDispatcher-worker-2" daemon [_thread_blocked, id=28756, stack(0x000000b45b070000,0x000000b45b170000)]
  0x0000027cf6cc1000 JavaThread "DefaultDispatcher-worker-3" daemon [_thread_blocked, id=42916, stack(0x000000b45b170000,0x000000b45b270000)]
  0x0000027cf6c70000 JavaThread "kotlinx.coroutines.DefaultExecutor" daemon [_thread_blocked, id=43644, stack(0x000000b45b270000,0x000000b45b370000)]
  0x0000027cfedff000 JavaThread "Reference Cleaner" daemon [_thread_blocked, id=5968, stack(0x000000b45b370000,0x000000b45b470000)]
  0x0000027cf6d3b000 JavaThread "D3D Screen Updater" daemon [_thread_blocked, id=14240, stack(0x000000b45b870000,0x000000b45b970000)]

Other Threads:
  0x0000027cf4999800 VMThread "VM Thread" [stack: 0x000000b459400000,0x000000b459500000] [id=12340]
  0x0000027cf5b35800 WatcherThread [stack: 0x000000b45a000000,0x000000b45a100000] [id=21548]
  0x0000027cd0a79800 GCTaskThread "GC Thread#0" [stack: 0x000000b458f00000,0x000000b459000000] [id=35960]
  0x0000027cf6a84800 GCTaskThread "GC Thread#1" [stack: 0x000000b459e00000,0x000000b459f00000] [id=10384]
  0x0000027cf6a85800 GCTaskThread "GC Thread#2" [stack: 0x000000b45a970000,0x000000b45aa70000] [id=34592]
  0x0000027cf6a87800 GCTaskThread "GC Thread#3" [stack: 0x000000b45aa70000,0x000000b45ab70000] [id=46944]
  0x0000027cf6a88000 GCTaskThread "GC Thread#4" [stack: 0x000000b45ab70000,0x000000b45ac70000] [id=41152]
  0x0000027cf6a88800 GCTaskThread "GC Thread#5" [stack: 0x000000b45ac70000,0x000000b45ad70000] [id=15116]
  0x0000027cd0ad6000 ConcurrentGCThread "G1 Main Marker" [stack: 0x000000b459000000,0x000000b459100000] [id=26216]
  0x0000027cd0ad9800 ConcurrentGCThread "G1 Conc#0" [stack: 0x000000b459100000,0x000000b459200000] [id=31184]
  0x0000027cf6a96000 ConcurrentGCThread "G1 Conc#1" [stack: 0x000000b45ae70000,0x000000b45af70000] [id=8160]
  0x0000027cff638800 ConcurrentGCThread "G1 Conc#2" [stack: 0x000000b45b770000,0x000000b45b870000] [id=12656]
  0x0000027cf4874800 ConcurrentGCThread "G1 Refine#0" [stack: 0x000000b459200000,0x000000b459300000] [id=31508]
  0x0000027cf4875800 ConcurrentGCThread "G1 Young RemSet Sampling" [stack: 0x000000b459300000,0x000000b459400000] [id=36728]

Threads with active compile tasks:

VM state:not at safepoint (normal execution)

VM Mutex/Monitor currently owned by a thread: None

Heap address: 0x0000000701200000, size: 4078 MB, Compressed Oops mode: Zero based, Oop shift amount: 3
Narrow klass base: 0x0000000800000000, Narrow klass shift: 0
Compressed class space size: 1073741824 Address: 0x0000000800000000

Heap:
 garbage-first heap   total 262144K, used 12806K [0x0000000701200000, 0x0000000800000000)
  region size 1024K, 11 young (11264K), 4 survivors (4096K)
 Metaspace       used 29195K, capacity 29646K, committed 29872K, reserved 1075200K
  class space    used 3060K, capacity 3272K, committed 3328K, reserved 1048576K
Heap Regions: E=young(eden), S=young(survivor), O=old, HS=humongous(starts), HC=humongous(continues), CS=collection set, F=free, A=archive, TAMS=top-at-mark-start (previous, next)
|   0|0x0000000701200000, 0x0000000701300000, 0x0000000701300000|100%| O|  |TAMS 0x0000000701200000, 0x0000000701200000| Untracked 
|   1|0x0000000701300000, 0x0000000701400000, 0x0000000701400000|100%| O|  |TAMS 0x000000070134ec00, 0x0000000701300000| Untracked 
|   2|0x0000000701400000, 0x0000000701500000, 0x0000000701500000|100%| O|  |TAMS 0x0000000701400000, 0x0000000701400000| Untracked 
|   3|0x0000000701500000, 0x000000070153c800, 0x0000000701600000| 23%| O|  |TAMS 0x0000000701500000, 0x0000000701500000| Untracked 
|   4|0x0000000701600000, 0x0000000701600000, 0x0000000701700000|  0%| F|  |TAMS 0x0000000701600000, 0x0000000701600000| Untracked 
|   5|0x0000000701700000, 0x0000000701700000, 0x0000000701800000|  0%| F|  |TAMS 0x0000000701700000, 0x0000000701700000| Untracked 
|   6|0x0000000701800000, 0x0000000701800000, 0x0000000701900000|  0%| F|  |TAMS 0x0000000701800000, 0x0000000701800000| Untracked 
|   7|0x0000000701900000, 0x0000000701900000, 0x0000000701a00000|  0%| F|  |TAMS 0x0000000701900000, 0x0000000701900000| Untracked 
|   8|0x0000000701a00000, 0x0000000701a00000, 0x0000000701b00000|  0%| F|  |TAMS 0x0000000701a00000, 0x0000000701a00000| Untracked 
|   9|0x0000000701b00000, 0x0000000701b00000, 0x0000000701c00000|  0%| F|  |TAMS 0x0000000701b00000, 0x0000000701b00000| Untracked 
|  10|0x0000000701c00000, 0x0000000701c00000, 0x0000000701d00000|  0%| F|  |TAMS 0x0000000701c00000, 0x0000000701c00000| Untracked 
|  11|0x0000000701d00000, 0x0000000701d00000, 0x0000000701e00000|  0%| F|  |TAMS 0x0000000701d00000, 0x0000000701d00000| Untracked 
|  12|0x0000000701e00000, 0x0000000701e00000, 0x0000000701f00000|  0%| F|  |TAMS 0x0000000701e00000, 0x0000000701e00000| Untracked 
|  13|0x0000000701f00000, 0x0000000701f00000, 0x0000000702000000|  0%| F|  |TAMS 0x0000000701f00000, 0x0000000701f00000| Untracked 
|  14|0x0000000702000000, 0x0000000702000000, 0x0000000702100000|  0%| F|  |TAMS 0x0000000702000000, 0x0000000702000000| Untracked 
|  15|0x0000000702100000, 0x0000000702100000, 0x0000000702200000|  0%| F|  |TAMS 0x0000000702100000, 0x0000000702100000| Untracked 
|  16|0x0000000702200000, 0x0000000702200000, 0x0000000702300000|  0%| F|  |TAMS 0x0000000702200000, 0x0000000702200000| Untracked 
|  17|0x0000000702300000, 0x0000000702300000, 0x0000000702400000|  0%| F|  |TAMS 0x0000000702300000, 0x0000000702300000| Untracked 
|  18|0x0000000702400000, 0x0000000702400000, 0x0000000702500000|  0%| F|  |TAMS 0x0000000702400000, 0x0000000702400000| Untracked 
|  19|0x0000000702500000, 0x0000000702500000, 0x0000000702600000|  0%| F|  |TAMS 0x0000000702500000, 0x0000000702500000| Untracked 
|  20|0x0000000702600000, 0x0000000702600000, 0x0000000702700000|  0%| F|  |TAMS 0x0000000702600000, 0x0000000702600000| Untracked 
|  21|0x0000000702700000, 0x0000000702700000, 0x0000000702800000|  0%| F|  |TAMS 0x0000000702700000, 0x0000000702700000| Untracked 
|  22|0x0000000702800000, 0x0000000702800000, 0x0000000702900000|  0%| F|  |TAMS 0x0000000702800000, 0x0000000702800000| Untracked 
|  23|0x0000000702900000, 0x0000000702900000, 0x0000000702a00000|  0%| F|  |TAMS 0x0000000702900000, 0x0000000702900000| Untracked 
|  24|0x0000000702a00000, 0x0000000702a00000, 0x0000000702b00000|  0%| F|  |TAMS 0x0000000702a00000, 0x0000000702a00000| Untracked 
|  25|0x0000000702b00000, 0x0000000702b00000, 0x0000000702c00000|  0%| F|  |TAMS 0x0000000702b00000, 0x0000000702b00000| Untracked 
|  26|0x0000000702c00000, 0x0000000702c00000, 0x0000000702d00000|  0%| F|  |TAMS 0x0000000702c00000, 0x0000000702c00000| Untracked 
|  27|0x0000000702d00000, 0x0000000702d00000, 0x0000000702e00000|  0%| F|  |TAMS 0x0000000702d00000, 0x0000000702d00000| Untracked 
|  28|0x0000000702e00000, 0x0000000702e00000, 0x0000000702f00000|  0%| F|  |TAMS 0x0000000702e00000, 0x0000000702e00000| Untracked 
|  29|0x0000000702f00000, 0x0000000702f00000, 0x0000000703000000|  0%| F|  |TAMS 0x0000000702f00000, 0x0000000702f00000| Untracked 
|  30|0x0000000703000000, 0x0000000703000000, 0x0000000703100000|  0%| F|  |TAMS 0x0000000703000000, 0x0000000703000000| Untracked 
|  31|0x0000000703100000, 0x0000000703100000, 0x0000000703200000|  0%| F|  |TAMS 0x0000000703100000, 0x0000000703100000| Untracked 
|  32|0x0000000703200000, 0x0000000703200000, 0x0000000703300000|  0%| F|  |TAMS 0x0000000703200000, 0x0000000703200000| Untracked 
|  33|0x0000000703300000, 0x0000000703300000, 0x0000000703400000|  0%| F|  |TAMS 0x0000000703300000, 0x0000000703300000| Untracked 
|  34|0x0000000703400000, 0x0000000703400000, 0x0000000703500000|  0%| F|  |TAMS 0x0000000703400000, 0x0000000703400000| Untracked 
|  35|0x0000000703500000, 0x0000000703500000, 0x0000000703600000|  0%| F|  |TAMS 0x0000000703500000, 0x0000000703500000| Untracked 
|  36|0x0000000703600000, 0x0000000703600000, 0x0000000703700000|  0%| F|  |TAMS 0x0000000703600000, 0x0000000703600000| Untracked 
|  37|0x0000000703700000, 0x0000000703700000, 0x0000000703800000|  0%| F|  |TAMS 0x0000000703700000, 0x0000000703700000| Untracked 
|  38|0x0000000703800000, 0x0000000703800000, 0x0000000703900000|  0%| F|  |TAMS 0x0000000703800000, 0x0000000703800000| Untracked 
|  39|0x0000000703900000, 0x0000000703900000, 0x0000000703a00000|  0%| F|  |TAMS 0x0000000703900000, 0x0000000703900000| Untracked 
|  40|0x0000000703a00000, 0x0000000703a00000, 0x0000000703b00000|  0%| F|  |TAMS 0x0000000703a00000, 0x0000000703a00000| Untracked 
|  41|0x0000000703b00000, 0x0000000703b00000, 0x0000000703c00000|  0%| F|  |TAMS 0x0000000703b00000, 0x0000000703b00000| Untracked 
|  42|0x0000000703c00000, 0x0000000703c00000, 0x0000000703d00000|  0%| F|  |TAMS 0x0000000703c00000, 0x0000000703c00000| Untracked 
|  43|0x0000000703d00000, 0x0000000703d00000, 0x0000000703e00000|  0%| F|  |TAMS 0x0000000703d00000, 0x0000000703d00000| Untracked 
|  44|0x0000000703e00000, 0x0000000703e00000, 0x0000000703f00000|  0%| F|  |TAMS 0x0000000703e00000, 0x0000000703e00000| Untracked 
|  45|0x0000000703f00000, 0x0000000703f00000, 0x0000000704000000|  0%| F|  |TAMS 0x0000000703f00000, 0x0000000703f00000| Untracked 
|  46|0x0000000704000000, 0x0000000704000000, 0x0000000704100000|  0%| F|  |TAMS 0x0000000704000000, 0x0000000704000000| Untracked 
|  47|0x0000000704100000, 0x0000000704100000, 0x0000000704200000|  0%| F|  |TAMS 0x0000000704100000, 0x0000000704100000| Untracked 
|  48|0x0000000704200000, 0x0000000704200000, 0x0000000704300000|  0%| F|  |TAMS 0x0000000704200000, 0x0000000704200000| Untracked 
|  49|0x0000000704300000, 0x0000000704300000, 0x0000000704400000|  0%| F|  |TAMS 0x0000000704300000, 0x0000000704300000| Untracked 
|  50|0x0000000704400000, 0x0000000704400000, 0x0000000704500000|  0%| F|  |TAMS 0x0000000704400000, 0x0000000704400000| Untracked 
|  51|0x0000000704500000, 0x0000000704500000, 0x0000000704600000|  0%| F|  |TAMS 0x0000000704500000, 0x0000000704500000| Untracked 
|  52|0x0000000704600000, 0x0000000704600000, 0x0000000704700000|  0%| F|  |TAMS 0x0000000704600000, 0x0000000704600000| Untracked 
|  53|0x0000000704700000, 0x0000000704700000, 0x0000000704800000|  0%| F|  |TAMS 0x0000000704700000, 0x0000000704700000| Untracked 
|  54|0x0000000704800000, 0x0000000704800000, 0x0000000704900000|  0%| F|  |TAMS 0x0000000704800000, 0x0000000704800000| Untracked 
|  55|0x0000000704900000, 0x0000000704900000, 0x0000000704a00000|  0%| F|  |TAMS 0x0000000704900000, 0x0000000704900000| Untracked 
|  56|0x0000000704a00000, 0x0000000704a00000, 0x0000000704b00000|  0%| F|  |TAMS 0x0000000704a00000, 0x0000000704a00000| Untracked 
|  57|0x0000000704b00000, 0x0000000704b00000, 0x0000000704c00000|  0%| F|  |TAMS 0x0000000704b00000, 0x0000000704b00000| Untracked 
|  58|0x0000000704c00000, 0x0000000704c00000, 0x0000000704d00000|  0%| F|  |TAMS 0x0000000704c00000, 0x0000000704c00000| Untracked 
|  59|0x0000000704d00000, 0x0000000704d00000, 0x0000000704e00000|  0%| F|  |TAMS 0x0000000704d00000, 0x0000000704d00000| Untracked 
|  60|0x0000000704e00000, 0x0000000704e00000, 0x0000000704f00000|  0%| F|  |TAMS 0x0000000704e00000, 0x0000000704e00000| Untracked 
|  61|0x0000000704f00000, 0x0000000704f00000, 0x0000000705000000|  0%| F|  |TAMS 0x0000000704f00000, 0x0000000704f00000| Untracked 
|  62|0x0000000705000000, 0x0000000705000000, 0x0000000705100000|  0%| F|  |TAMS 0x0000000705000000, 0x0000000705000000| Untracked 
|  63|0x0000000705100000, 0x0000000705100000, 0x0000000705200000|  0%| F|  |TAMS 0x0000000705100000, 0x0000000705100000| Untracked 
|  64|0x0000000705200000, 0x0000000705200000, 0x0000000705300000|  0%| F|  |TAMS 0x0000000705200000, 0x0000000705200000| Untracked 
|  65|0x0000000705300000, 0x0000000705300000, 0x0000000705400000|  0%| F|  |TAMS 0x0000000705300000, 0x0000000705300000| Untracked 
|  66|0x0000000705400000, 0x0000000705400000, 0x0000000705500000|  0%| F|  |TAMS 0x0000000705400000, 0x0000000705400000| Untracked 
|  67|0x0000000705500000, 0x0000000705500000, 0x0000000705600000|  0%| F|  |TAMS 0x0000000705500000, 0x0000000705500000| Untracked 
|  68|0x0000000705600000, 0x0000000705600000, 0x0000000705700000|  0%| F|  |TAMS 0x0000000705600000, 0x0000000705600000| Untracked 
|  69|0x0000000705700000, 0x0000000705700000, 0x0000000705800000|  0%| F|  |TAMS 0x0000000705700000, 0x0000000705700000| Untracked 
|  70|0x0000000705800000, 0x0000000705800000, 0x0000000705900000|  0%| F|  |TAMS 0x0000000705800000, 0x0000000705800000| Untracked 
|  71|0x0000000705900000, 0x0000000705900000, 0x0000000705a00000|  0%| F|  |TAMS 0x0000000705900000, 0x0000000705900000| Untracked 
|  72|0x0000000705a00000, 0x0000000705a00000, 0x0000000705b00000|  0%| F|  |TAMS 0x0000000705a00000, 0x0000000705a00000| Untracked 
|  73|0x0000000705b00000, 0x0000000705b00000, 0x0000000705c00000|  0%| F|  |TAMS 0x0000000705b00000, 0x0000000705b00000| Untracked 
|  74|0x0000000705c00000, 0x0000000705c00000, 0x0000000705d00000|  0%| F|  |TAMS 0x0000000705c00000, 0x0000000705c00000| Untracked 
|  75|0x0000000705d00000, 0x0000000705d00000, 0x0000000705e00000|  0%| F|  |TAMS 0x0000000705d00000, 0x0000000705d00000| Untracked 
|  76|0x0000000705e00000, 0x0000000705e00000, 0x0000000705f00000|  0%| F|  |TAMS 0x0000000705e00000, 0x0000000705e00000| Untracked 
|  77|0x0000000705f00000, 0x0000000705f00000, 0x0000000706000000|  0%| F|  |TAMS 0x0000000705f00000, 0x0000000705f00000| Untracked 
|  78|0x0000000706000000, 0x0000000706000000, 0x0000000706100000|  0%| F|  |TAMS 0x0000000706000000, 0x0000000706000000| Untracked 
|  79|0x0000000706100000, 0x0000000706100000, 0x0000000706200000|  0%| F|  |TAMS 0x0000000706100000, 0x0000000706100000| Untracked 
|  80|0x0000000706200000, 0x0000000706200000, 0x0000000706300000|  0%| F|  |TAMS 0x0000000706200000, 0x0000000706200000| Untracked 
|  81|0x0000000706300000, 0x0000000706300000, 0x0000000706400000|  0%| F|  |TAMS 0x0000000706300000, 0x0000000706300000| Untracked 
|  82|0x0000000706400000, 0x0000000706400000, 0x0000000706500000|  0%| F|  |TAMS 0x0000000706400000, 0x0000000706400000| Untracked 
|  83|0x0000000706500000, 0x0000000706500000, 0x0000000706600000|  0%| F|  |TAMS 0x0000000706500000, 0x0000000706500000| Untracked 
|  84|0x0000000706600000, 0x0000000706600000, 0x0000000706700000|  0%| F|  |TAMS 0x0000000706600000, 0x0000000706600000| Untracked 
|  85|0x0000000706700000, 0x0000000706700000, 0x0000000706800000|  0%| F|  |TAMS 0x0000000706700000, 0x0000000706700000| Untracked 
|  86|0x0000000706800000, 0x0000000706800000, 0x0000000706900000|  0%| F|  |TAMS 0x0000000706800000, 0x0000000706800000| Untracked 
|  87|0x0000000706900000, 0x0000000706900000, 0x0000000706a00000|  0%| F|  |TAMS 0x0000000706900000, 0x0000000706900000| Untracked 
|  88|0x0000000706a00000, 0x0000000706a00000, 0x0000000706b00000|  0%| F|  |TAMS 0x0000000706a00000, 0x0000000706a00000| Untracked 
|  89|0x0000000706b00000, 0x0000000706b00000, 0x0000000706c00000|  0%| F|  |TAMS 0x0000000706b00000, 0x0000000706b00000| Untracked 
|  90|0x0000000706c00000, 0x0000000706c00000, 0x0000000706d00000|  0%| F|  |TAMS 0x0000000706c00000, 0x0000000706c00000| Untracked 
|  91|0x0000000706d00000, 0x0000000706d00000, 0x0000000706e00000|  0%| F|  |TAMS 0x0000000706d00000, 0x0000000706d00000| Untracked 
|  92|0x0000000706e00000, 0x0000000706e00000, 0x0000000706f00000|  0%| F|  |TAMS 0x0000000706e00000, 0x0000000706e00000| Untracked 
|  93|0x0000000706f00000, 0x0000000706f00000, 0x0000000707000000|  0%| F|  |TAMS 0x0000000706f00000, 0x0000000706f00000| Untracked 
|  94|0x0000000707000000, 0x0000000707000000, 0x0000000707100000|  0%| F|  |TAMS 0x0000000707000000, 0x0000000707000000| Untracked 
|  95|0x0000000707100000, 0x0000000707100000, 0x0000000707200000|  0%| F|  |TAMS 0x0000000707100000, 0x0000000707100000| Untracked 
|  96|0x0000000707200000, 0x0000000707200000, 0x0000000707300000|  0%| F|  |TAMS 0x0000000707200000, 0x0000000707200000| Untracked 
|  97|0x0000000707300000, 0x0000000707300000, 0x0000000707400000|  0%| F|  |TAMS 0x0000000707300000, 0x0000000707300000| Untracked 
|  98|0x0000000707400000, 0x0000000707400000, 0x0000000707500000|  0%| F|  |TAMS 0x0000000707400000, 0x0000000707400000| Untracked 
|  99|0x0000000707500000, 0x0000000707500000, 0x0000000707600000|  0%| F|  |TAMS 0x0000000707500000, 0x0000000707500000| Untracked 
| 100|0x0000000707600000, 0x0000000707600000, 0x0000000707700000|  0%| F|  |TAMS 0x0000000707600000, 0x0000000707600000| Untracked 
| 101|0x0000000707700000, 0x0000000707700000, 0x0000000707800000|  0%| F|  |TAMS 0x0000000707700000, 0x0000000707700000| Untracked 
| 102|0x0000000707800000, 0x0000000707800000, 0x0000000707900000|  0%| F|  |TAMS 0x0000000707800000, 0x0000000707800000| Untracked 
| 103|0x0000000707900000, 0x0000000707900000, 0x0000000707a00000|  0%| F|  |TAMS 0x0000000707900000, 0x0000000707900000| Untracked 
| 104|0x0000000707a00000, 0x0000000707a00000, 0x0000000707b00000|  0%| F|  |TAMS 0x0000000707a00000, 0x0000000707a00000| Untracked 
| 105|0x0000000707b00000, 0x0000000707b00000, 0x0000000707c00000|  0%| F|  |TAMS 0x0000000707b00000, 0x0000000707b00000| Untracked 
| 106|0x0000000707c00000, 0x0000000707c00000, 0x0000000707d00000|  0%| F|  |TAMS 0x0000000707c00000, 0x0000000707c00000| Untracked 
| 107|0x0000000707d00000, 0x0000000707d00000, 0x0000000707e00000|  0%| F|  |TAMS 0x0000000707d00000, 0x0000000707d00000| Untracked 
| 108|0x0000000707e00000, 0x0000000707e00000, 0x0000000707f00000|  0%| F|  |TAMS 0x0000000707e00000, 0x0000000707e00000| Untracked 
| 109|0x0000000707f00000, 0x0000000707f00000, 0x0000000708000000|  0%| F|  |TAMS 0x0000000707f00000, 0x0000000707f00000| Untracked 
| 110|0x0000000708000000, 0x0000000708000000, 0x0000000708100000|  0%| F|  |TAMS 0x0000000708000000, 0x0000000708000000| Untracked 
| 111|0x0000000708100000, 0x0000000708100000, 0x0000000708200000|  0%| F|  |TAMS 0x0000000708100000, 0x0000000708100000| Untracked 
| 112|0x0000000708200000, 0x0000000708200000, 0x0000000708300000|  0%| F|  |TAMS 0x0000000708200000, 0x0000000708200000| Untracked 
| 113|0x0000000708300000, 0x0000000708300000, 0x0000000708400000|  0%| F|  |TAMS 0x0000000708300000, 0x0000000708300000| Untracked 
| 114|0x0000000708400000, 0x0000000708400000, 0x0000000708500000|  0%| F|  |TAMS 0x0000000708400000, 0x0000000708400000| Untracked 
| 115|0x0000000708500000, 0x0000000708500000, 0x0000000708600000|  0%| F|  |TAMS 0x0000000708500000, 0x0000000708500000| Untracked 
| 116|0x0000000708600000, 0x0000000708600000, 0x0000000708700000|  0%| F|  |TAMS 0x0000000708600000, 0x0000000708600000| Untracked 
| 117|0x0000000708700000, 0x0000000708700000, 0x0000000708800000|  0%| F|  |TAMS 0x0000000708700000, 0x0000000708700000| Untracked 
| 118|0x0000000708800000, 0x0000000708800000, 0x0000000708900000|  0%| F|  |TAMS 0x0000000708800000, 0x0000000708800000| Untracked 
| 119|0x0000000708900000, 0x0000000708900000, 0x0000000708a00000|  0%| F|  |TAMS 0x0000000708900000, 0x0000000708900000| Untracked 
| 120|0x0000000708a00000, 0x0000000708a00000, 0x0000000708b00000|  0%| F|  |TAMS 0x0000000708a00000, 0x0000000708a00000| Untracked 
| 121|0x0000000708b00000, 0x0000000708b00000, 0x0000000708c00000|  0%| F|  |TAMS 0x0000000708b00000, 0x0000000708b00000| Untracked 
| 122|0x0000000708c00000, 0x0000000708c00000, 0x0000000708d00000|  0%| F|  |TAMS 0x0000000708c00000, 0x0000000708c00000| Untracked 
| 123|0x0000000708d00000, 0x0000000708d00000, 0x0000000708e00000|  0%| F|  |TAMS 0x0000000708d00000, 0x0000000708d00000| Untracked 
| 124|0x0000000708e00000, 0x0000000708e00000, 0x0000000708f00000|  0%| F|  |TAMS 0x0000000708e00000, 0x0000000708e00000| Untracked 
| 125|0x0000000708f00000, 0x0000000708f00000, 0x0000000709000000|  0%| F|  |TAMS 0x0000000708f00000, 0x0000000708f00000| Untracked 
| 126|0x0000000709000000, 0x0000000709000000, 0x0000000709100000|  0%| F|  |TAMS 0x0000000709000000, 0x0000000709000000| Untracked 
| 127|0x0000000709100000, 0x0000000709100000, 0x0000000709200000|  0%| F|  |TAMS 0x0000000709100000, 0x0000000709100000| Untracked 
| 128|0x0000000709200000, 0x0000000709200000, 0x0000000709300000|  0%| F|  |TAMS 0x0000000709200000, 0x0000000709200000| Untracked 
| 129|0x0000000709300000, 0x0000000709300000, 0x0000000709400000|  0%| F|  |TAMS 0x0000000709300000, 0x0000000709300000| Untracked 
| 130|0x0000000709400000, 0x0000000709400000, 0x0000000709500000|  0%| F|  |TAMS 0x0000000709400000, 0x0000000709400000| Untracked 
| 131|0x0000000709500000, 0x0000000709500000, 0x0000000709600000|  0%| F|  |TAMS 0x0000000709500000, 0x0000000709500000| Untracked 
| 132|0x0000000709600000, 0x0000000709600000, 0x0000000709700000|  0%| F|  |TAMS 0x0000000709600000, 0x0000000709600000| Untracked 
| 133|0x0000000709700000, 0x0000000709700000, 0x0000000709800000|  0%| F|  |TAMS 0x0000000709700000, 0x0000000709700000| Untracked 
| 134|0x0000000709800000, 0x0000000709800000, 0x0000000709900000|  0%| F|  |TAMS 0x0000000709800000, 0x0000000709800000| Untracked 
| 135|0x0000000709900000, 0x0000000709900000, 0x0000000709a00000|  0%| F|  |TAMS 0x0000000709900000, 0x0000000709900000| Untracked 
| 136|0x0000000709a00000, 0x0000000709a00000, 0x0000000709b00000|  0%| F|  |TAMS 0x0000000709a00000, 0x0000000709a00000| Untracked 
| 137|0x0000000709b00000, 0x0000000709b00000, 0x0000000709c00000|  0%| F|  |TAMS 0x0000000709b00000, 0x0000000709b00000| Untracked 
| 138|0x0000000709c00000, 0x0000000709c00000, 0x0000000709d00000|  0%| F|  |TAMS 0x0000000709c00000, 0x0000000709c00000| Untracked 
| 139|0x0000000709d00000, 0x0000000709d00000, 0x0000000709e00000|  0%| F|  |TAMS 0x0000000709d00000, 0x0000000709d00000| Untracked 
| 140|0x0000000709e00000, 0x0000000709e00000, 0x0000000709f00000|  0%| F|  |TAMS 0x0000000709e00000, 0x0000000709e00000| Untracked 
| 141|0x0000000709f00000, 0x0000000709f00000, 0x000000070a000000|  0%| F|  |TAMS 0x0000000709f00000, 0x0000000709f00000| Untracked 
| 142|0x000000070a000000, 0x000000070a000000, 0x000000070a100000|  0%| F|  |TAMS 0x000000070a000000, 0x000000070a000000| Untracked 
| 143|0x000000070a100000, 0x000000070a100000, 0x000000070a200000|  0%| F|  |TAMS 0x000000070a100000, 0x000000070a100000| Untracked 
| 144|0x000000070a200000, 0x000000070a200000, 0x000000070a300000|  0%| F|  |TAMS 0x000000070a200000, 0x000000070a200000| Untracked 
| 145|0x000000070a300000, 0x000000070a300000, 0x000000070a400000|  0%| F|  |TAMS 0x000000070a300000, 0x000000070a300000| Untracked 
| 146|0x000000070a400000, 0x000000070a400000, 0x000000070a500000|  0%| F|  |TAMS 0x000000070a400000, 0x000000070a400000| Untracked 
| 147|0x000000070a500000, 0x000000070a500000, 0x000000070a600000|  0%| F|  |TAMS 0x000000070a500000, 0x000000070a500000| Untracked 
| 148|0x000000070a600000, 0x000000070a600000, 0x000000070a700000|  0%| F|  |TAMS 0x000000070a600000, 0x000000070a600000| Untracked 
| 149|0x000000070a700000, 0x000000070a700000, 0x000000070a800000|  0%| F|  |TAMS 0x000000070a700000, 0x000000070a700000| Untracked 
| 150|0x000000070a800000, 0x000000070a800000, 0x000000070a900000|  0%| F|  |TAMS 0x000000070a800000, 0x000000070a800000| Untracked 
| 151|0x000000070a900000, 0x000000070a900000, 0x000000070aa00000|  0%| F|  |TAMS 0x000000070a900000, 0x000000070a900000| Untracked 
| 152|0x000000070aa00000, 0x000000070aa00000, 0x000000070ab00000|  0%| F|  |TAMS 0x000000070aa00000, 0x000000070aa00000| Untracked 
| 153|0x000000070ab00000, 0x000000070ab00000, 0x000000070ac00000|  0%| F|  |TAMS 0x000000070ab00000, 0x000000070ab00000| Untracked 
| 154|0x000000070ac00000, 0x000000070ac00000, 0x000000070ad00000|  0%| F|  |TAMS 0x000000070ac00000, 0x000000070ac00000| Untracked 
| 155|0x000000070ad00000, 0x000000070ad00000, 0x000000070ae00000|  0%| F|  |TAMS 0x000000070ad00000, 0x000000070ad00000| Untracked 
| 156|0x000000070ae00000, 0x000000070ae00000, 0x000000070af00000|  0%| F|  |TAMS 0x000000070ae00000, 0x000000070ae00000| Untracked 
| 157|0x000000070af00000, 0x000000070af00000, 0x000000070b000000|  0%| F|  |TAMS 0x000000070af00000, 0x000000070af00000| Untracked 
| 158|0x000000070b000000, 0x000000070b000000, 0x000000070b100000|  0%| F|  |TAMS 0x000000070b000000, 0x000000070b000000| Untracked 
| 159|0x000000070b100000, 0x000000070b100000, 0x000000070b200000|  0%| F|  |TAMS 0x000000070b100000, 0x000000070b100000| Untracked 
| 160|0x000000070b200000, 0x000000070b200000, 0x000000070b300000|  0%| F|  |TAMS 0x000000070b200000, 0x000000070b200000| Untracked 
| 161|0x000000070b300000, 0x000000070b300000, 0x000000070b400000|  0%| F|  |TAMS 0x000000070b300000, 0x000000070b300000| Untracked 
| 162|0x000000070b400000, 0x000000070b400000, 0x000000070b500000|  0%| F|  |TAMS 0x000000070b400000, 0x000000070b400000| Untracked 
| 163|0x000000070b500000, 0x000000070b500000, 0x000000070b600000|  0%| F|  |TAMS 0x000000070b500000, 0x000000070b500000| Untracked 
| 164|0x000000070b600000, 0x000000070b600000, 0x000000070b700000|  0%| F|  |TAMS 0x000000070b600000, 0x000000070b600000| Untracked 
| 165|0x000000070b700000, 0x000000070b700000, 0x000000070b800000|  0%| F|  |TAMS 0x000000070b700000, 0x000000070b700000| Untracked 
| 166|0x000000070b800000, 0x000000070b800000, 0x000000070b900000|  0%| F|  |TAMS 0x000000070b800000, 0x000000070b800000| Untracked 
| 167|0x000000070b900000, 0x000000070b900000, 0x000000070ba00000|  0%| F|  |TAMS 0x000000070b900000, 0x000000070b900000| Untracked 
| 168|0x000000070ba00000, 0x000000070ba00000, 0x000000070bb00000|  0%| F|  |TAMS 0x000000070ba00000, 0x000000070ba00000| Untracked 
| 169|0x000000070bb00000, 0x000000070bb00000, 0x000000070bc00000|  0%| F|  |TAMS 0x000000070bb00000, 0x000000070bb00000| Untracked 
| 170|0x000000070bc00000, 0x000000070bc00000, 0x000000070bd00000|  0%| F|  |TAMS 0x000000070bc00000, 0x000000070bc00000| Untracked 
| 171|0x000000070bd00000, 0x000000070bd00000, 0x000000070be00000|  0%| F|  |TAMS 0x000000070bd00000, 0x000000070bd00000| Untracked 
| 172|0x000000070be00000, 0x000000070be00000, 0x000000070bf00000|  0%| F|  |TAMS 0x000000070be00000, 0x000000070be00000| Untracked 
| 173|0x000000070bf00000, 0x000000070bf00000, 0x000000070c000000|  0%| F|  |TAMS 0x000000070bf00000, 0x000000070bf00000| Untracked 
| 174|0x000000070c000000, 0x000000070c000000, 0x000000070c100000|  0%| F|  |TAMS 0x000000070c000000, 0x000000070c000000| Untracked 
| 175|0x000000070c100000, 0x000000070c100000, 0x000000070c200000|  0%| F|  |TAMS 0x000000070c100000, 0x000000070c100000| Untracked 
| 176|0x000000070c200000, 0x000000070c200000, 0x000000070c300000|  0%| F|  |TAMS 0x000000070c200000, 0x000000070c200000| Untracked 
| 177|0x000000070c300000, 0x000000070c300000, 0x000000070c400000|  0%| F|  |TAMS 0x000000070c300000, 0x000000070c300000| Untracked 
| 178|0x000000070c400000, 0x000000070c400000, 0x000000070c500000|  0%| F|  |TAMS 0x000000070c400000, 0x000000070c400000| Untracked 
| 179|0x000000070c500000, 0x000000070c500000, 0x000000070c600000|  0%| F|  |TAMS 0x000000070c500000, 0x000000070c500000| Untracked 
| 180|0x000000070c600000, 0x000000070c600000, 0x000000070c700000|  0%| F|  |TAMS 0x000000070c600000, 0x000000070c600000| Untracked 
| 181|0x000000070c700000, 0x000000070c700000, 0x000000070c800000|  0%| F|  |TAMS 0x000000070c700000, 0x000000070c700000| Untracked 
| 182|0x000000070c800000, 0x000000070c800000, 0x000000070c900000|  0%| F|  |TAMS 0x000000070c800000, 0x000000070c800000| Untracked 
| 183|0x000000070c900000, 0x000000070c900000, 0x000000070ca00000|  0%| F|  |TAMS 0x000000070c900000, 0x000000070c900000| Untracked 
| 184|0x000000070ca00000, 0x000000070ca00000, 0x000000070cb00000|  0%| F|  |TAMS 0x000000070ca00000, 0x000000070ca00000| Untracked 
| 185|0x000000070cb00000, 0x000000070cb00000, 0x000000070cc00000|  0%| F|  |TAMS 0x000000070cb00000, 0x000000070cb00000| Untracked 
| 186|0x000000070cc00000, 0x000000070cc00000, 0x000000070cd00000|  0%| F|  |TAMS 0x000000070cc00000, 0x000000070cc00000| Untracked 
| 187|0x000000070cd00000, 0x000000070cd00000, 0x000000070ce00000|  0%| F|  |TAMS 0x000000070cd00000, 0x000000070cd00000| Untracked 
| 188|0x000000070ce00000, 0x000000070ce00000, 0x000000070cf00000|  0%| F|  |TAMS 0x000000070ce00000, 0x000000070ce00000| Untracked 
| 189|0x000000070cf00000, 0x000000070cf00000, 0x000000070d000000|  0%| F|  |TAMS 0x000000070cf00000, 0x000000070cf00000| Untracked 
| 190|0x000000070d000000, 0x000000070d000000, 0x000000070d100000|  0%| F|  |TAMS 0x000000070d000000, 0x000000070d000000| Untracked 
| 191|0x000000070d100000, 0x000000070d100000, 0x000000070d200000|  0%| F|  |TAMS 0x000000070d100000, 0x000000070d100000| Untracked 
| 192|0x000000070d200000, 0x000000070d200000, 0x000000070d300000|  0%| F|  |TAMS 0x000000070d200000, 0x000000070d200000| Untracked 
| 193|0x000000070d300000, 0x000000070d300000, 0x000000070d400000|  0%| F|  |TAMS 0x000000070d300000, 0x000000070d300000| Untracked 
| 194|0x000000070d400000, 0x000000070d400000, 0x000000070d500000|  0%| F|  |TAMS 0x000000070d400000, 0x000000070d400000| Untracked 
| 195|0x000000070d500000, 0x000000070d500000, 0x000000070d600000|  0%| F|  |TAMS 0x000000070d500000, 0x000000070d500000| Untracked 
| 196|0x000000070d600000, 0x000000070d600000, 0x000000070d700000|  0%| F|  |TAMS 0x000000070d600000, 0x000000070d600000| Untracked 
| 197|0x000000070d700000, 0x000000070d700000, 0x000000070d800000|  0%| F|  |TAMS 0x000000070d700000, 0x000000070d700000| Untracked 
| 198|0x000000070d800000, 0x000000070d800000, 0x000000070d900000|  0%| F|  |TAMS 0x000000070d800000, 0x000000070d800000| Untracked 
| 199|0x000000070d900000, 0x000000070d900000, 0x000000070da00000|  0%| F|  |TAMS 0x000000070d900000, 0x000000070d900000| Untracked 
| 200|0x000000070da00000, 0x000000070da00000, 0x000000070db00000|  0%| F|  |TAMS 0x000000070da00000, 0x000000070da00000| Untracked 
| 201|0x000000070db00000, 0x000000070db00000, 0x000000070dc00000|  0%| F|  |TAMS 0x000000070db00000, 0x000000070db00000| Untracked 
| 202|0x000000070dc00000, 0x000000070dc00000, 0x000000070dd00000|  0%| F|  |TAMS 0x000000070dc00000, 0x000000070dc00000| Untracked 
| 203|0x000000070dd00000, 0x000000070dd00000, 0x000000070de00000|  0%| F|  |TAMS 0x000000070dd00000, 0x000000070dd00000| Untracked 
| 204|0x000000070de00000, 0x000000070de45210, 0x000000070df00000| 27%| S|CS|TAMS 0x000000070de00000, 0x000000070de00000| Complete 
| 205|0x000000070df00000, 0x000000070e000000, 0x000000070e000000|100%| S|CS|TAMS 0x000000070df00000, 0x000000070df00000| Complete 
| 206|0x000000070e000000, 0x000000070e100000, 0x000000070e100000|100%| S|CS|TAMS 0x000000070e000000, 0x000000070e000000| Complete 
| 207|0x000000070e100000, 0x000000070e200000, 0x000000070e200000|100%| S|CS|TAMS 0x000000070e100000, 0x000000070e100000| Complete 
| 208|0x000000070e200000, 0x000000070e200000, 0x000000070e300000|  0%| F|  |TAMS 0x000000070e200000, 0x000000070e200000| Untracked 
| 209|0x000000070e300000, 0x000000070e300000, 0x000000070e400000|  0%| F|  |TAMS 0x000000070e300000, 0x000000070e300000| Untracked 
| 210|0x000000070e400000, 0x000000070e400000, 0x000000070e500000|  0%| F|  |TAMS 0x000000070e400000, 0x000000070e400000| Untracked 
| 211|0x000000070e500000, 0x000000070e500000, 0x000000070e600000|  0%| F|  |TAMS 0x000000070e500000, 0x000000070e500000| Untracked 
| 212|0x000000070e600000, 0x000000070e600000, 0x000000070e700000|  0%| F|  |TAMS 0x000000070e600000, 0x000000070e600000| Untracked 
| 213|0x000000070e700000, 0x000000070e700000, 0x000000070e800000|  0%| F|  |TAMS 0x000000070e700000, 0x000000070e700000| Untracked 
| 214|0x000000070e800000, 0x000000070e800000, 0x000000070e900000|  0%| F|  |TAMS 0x000000070e800000, 0x000000070e800000| Untracked 
| 215|0x000000070e900000, 0x000000070e900000, 0x000000070ea00000|  0%| F|  |TAMS 0x000000070e900000, 0x000000070e900000| Untracked 
| 216|0x000000070ea00000, 0x000000070ea00000, 0x000000070eb00000|  0%| F|  |TAMS 0x000000070ea00000, 0x000000070ea00000| Untracked 
| 217|0x000000070eb00000, 0x000000070eb00000, 0x000000070ec00000|  0%| F|  |TAMS 0x000000070eb00000, 0x000000070eb00000| Untracked 
| 218|0x000000070ec00000, 0x000000070ec00000, 0x000000070ed00000|  0%| F|  |TAMS 0x000000070ec00000, 0x000000070ec00000| Untracked 
| 219|0x000000070ed00000, 0x000000070ed00000, 0x000000070ee00000|  0%| F|  |TAMS 0x000000070ed00000, 0x000000070ed00000| Untracked 
| 220|0x000000070ee00000, 0x000000070ee00000, 0x000000070ef00000|  0%| F|  |TAMS 0x000000070ee00000, 0x000000070ee00000| Untracked 
| 221|0x000000070ef00000, 0x000000070ef00000, 0x000000070f000000|  0%| F|  |TAMS 0x000000070ef00000, 0x000000070ef00000| Untracked 
| 222|0x000000070f000000, 0x000000070f000000, 0x000000070f100000|  0%| F|  |TAMS 0x000000070f000000, 0x000000070f000000| Untracked 
| 223|0x000000070f100000, 0x000000070f100000, 0x000000070f200000|  0%| F|  |TAMS 0x000000070f100000, 0x000000070f100000| Untracked 
| 224|0x000000070f200000, 0x000000070f200000, 0x000000070f300000|  0%| F|  |TAMS 0x000000070f200000, 0x000000070f200000| Untracked 
| 225|0x000000070f300000, 0x000000070f300000, 0x000000070f400000|  0%| F|  |TAMS 0x000000070f300000, 0x000000070f300000| Untracked 
| 226|0x000000070f400000, 0x000000070f400000, 0x000000070f500000|  0%| F|  |TAMS 0x000000070f400000, 0x000000070f400000| Untracked 
| 227|0x000000070f500000, 0x000000070f500000, 0x000000070f600000|  0%| F|  |TAMS 0x000000070f500000, 0x000000070f500000| Untracked 
| 228|0x000000070f600000, 0x000000070f600000, 0x000000070f700000|  0%| F|  |TAMS 0x000000070f600000, 0x000000070f600000| Untracked 
| 229|0x000000070f700000, 0x000000070f700000, 0x000000070f800000|  0%| F|  |TAMS 0x000000070f700000, 0x000000070f700000| Untracked 
| 230|0x000000070f800000, 0x000000070f800000, 0x000000070f900000|  0%| F|  |TAMS 0x000000070f800000, 0x000000070f800000| Untracked 
| 231|0x000000070f900000, 0x000000070f900000, 0x000000070fa00000|  0%| F|  |TAMS 0x000000070f900000, 0x000000070f900000| Untracked 
| 232|0x000000070fa00000, 0x000000070fa00000, 0x000000070fb00000|  0%| F|  |TAMS 0x000000070fa00000, 0x000000070fa00000| Untracked 
| 233|0x000000070fb00000, 0x000000070fb00000, 0x000000070fc00000|  0%| F|  |TAMS 0x000000070fb00000, 0x000000070fb00000| Untracked 
| 234|0x000000070fc00000, 0x000000070fc00000, 0x000000070fd00000|  0%| F|  |TAMS 0x000000070fc00000, 0x000000070fc00000| Untracked 
| 235|0x000000070fd00000, 0x000000070fd00000, 0x000000070fe00000|  0%| F|  |TAMS 0x000000070fd00000, 0x000000070fd00000| Untracked 
| 236|0x000000070fe00000, 0x000000070fe00000, 0x000000070ff00000|  0%| F|  |TAMS 0x000000070fe00000, 0x000000070fe00000| Untracked 
| 237|0x000000070ff00000, 0x000000070ff00000, 0x0000000710000000|  0%| F|  |TAMS 0x000000070ff00000, 0x000000070ff00000| Untracked 
| 238|0x0000000710000000, 0x0000000710000000, 0x0000000710100000|  0%| F|  |TAMS 0x0000000710000000, 0x0000000710000000| Untracked 
| 239|0x0000000710100000, 0x0000000710100000, 0x0000000710200000|  0%| F|  |TAMS 0x0000000710100000, 0x0000000710100000| Untracked 
| 240|0x0000000710200000, 0x0000000710200000, 0x0000000710300000|  0%| F|  |TAMS 0x0000000710200000, 0x0000000710200000| Untracked 
| 241|0x0000000710300000, 0x0000000710300000, 0x0000000710400000|  0%| F|  |TAMS 0x0000000710300000, 0x0000000710300000| Untracked 
| 242|0x0000000710400000, 0x0000000710400000, 0x0000000710500000|  0%| F|  |TAMS 0x0000000710400000, 0x0000000710400000| Untracked 
| 243|0x0000000710500000, 0x0000000710500000, 0x0000000710600000|  0%| F|  |TAMS 0x0000000710500000, 0x0000000710500000| Untracked 
| 244|0x0000000710600000, 0x0000000710600000, 0x0000000710700000|  0%| F|  |TAMS 0x0000000710600000, 0x0000000710600000| Untracked 
| 245|0x0000000710700000, 0x0000000710700000, 0x0000000710800000|  0%| F|  |TAMS 0x0000000710700000, 0x0000000710700000| Untracked 
| 246|0x0000000710800000, 0x0000000710800000, 0x0000000710900000|  0%| F|  |TAMS 0x0000000710800000, 0x0000000710800000| Untracked 
| 247|0x0000000710900000, 0x0000000710900000, 0x0000000710a00000|  0%| F|  |TAMS 0x0000000710900000, 0x0000000710900000| Untracked 
| 248|0x0000000710a00000, 0x0000000710a00000, 0x0000000710b00000|  0%| F|  |TAMS 0x0000000710a00000, 0x0000000710a00000| Untracked 
| 249|0x0000000710b00000, 0x0000000710c00000, 0x0000000710c00000|100%| E|  |TAMS 0x0000000710b00000, 0x0000000710b00000| Complete 
| 250|0x0000000710c00000, 0x0000000710d00000, 0x0000000710d00000|100%| E|CS|TAMS 0x0000000710c00000, 0x0000000710c00000| Complete 
| 251|0x0000000710d00000, 0x0000000710e00000, 0x0000000710e00000|100%| E|CS|TAMS 0x0000000710d00000, 0x0000000710d00000| Complete 
| 252|0x0000000710e00000, 0x0000000710f00000, 0x0000000710f00000|100%| E|CS|TAMS 0x0000000710e00000, 0x0000000710e00000| Complete 
| 253|0x0000000710f00000, 0x0000000711000000, 0x0000000711000000|100%| E|CS|TAMS 0x0000000710f00000, 0x0000000710f00000| Complete 
| 254|0x0000000711000000, 0x0000000711100000, 0x0000000711100000|100%| E|CS|TAMS 0x0000000711000000, 0x0000000711000000| Complete 
| 255|0x0000000711100000, 0x0000000711200000, 0x0000000711200000|100%| E|CS|TAMS 0x0000000711100000, 0x0000000711100000| Complete 

Card table byte_map: [0x0000027ce8c70000,0x0000027ce9470000] _byte_map_base: 0x0000027ce5467000

Marking Bits (Prev, Next): (CMBitMap*) 0x0000027cd0ac5170, (CMBitMap*) 0x0000027cd0ac5138
 Prev Bits: [0x0000027cedc30000, 0x0000027cf1be8000)
 Next Bits: [0x0000027ce9c70000, 0x0000027cedc28000)

Polling page: 0x0000027ccea20000

Metaspace:

Usage:
  Non-class:     25.76 MB capacity,    25.52 MB (>99%) used,   182.64 KB ( <1%) free+waste,    56.31 KB ( <1%) overhead. 
      Class:      3.20 MB capacity,     2.99 MB ( 94%) used,   184.34 KB (  6%) free+waste,    26.94 KB ( <1%) overhead. 
       Both:     28.95 MB capacity,    28.51 MB ( 98%) used,   366.98 KB (  1%) free+waste,    83.25 KB ( <1%) overhead. 

Virtual space:
  Non-class space:       26.00 MB reserved,      25.92 MB (>99%) committed 
      Class space:        1.00 GB reserved,       3.25 MB ( <1%) committed 
             Both:        1.03 GB reserved,      29.17 MB (  3%) committed 

Chunk freelists:
   Non-Class:  5.25 KB
       Class:  3.00 KB
        Both:  8.25 KB

CodeHeap 'non-profiled nmethods': size=120000Kb used=1202Kb max_used=1202Kb free=118797Kb
 bounds [0x0000027ce09e0000, 0x0000027ce0c50000, 0x0000027ce7f10000]
CodeHeap 'profiled nmethods': size=120000Kb used=5880Kb max_used=5880Kb free=114119Kb
 bounds [0x0000027cd94b0000, 0x0000027cd9a70000, 0x0000027ce09e0000]
CodeHeap 'non-nmethods': size=5760Kb used=1526Kb max_used=1554Kb free=4233Kb
 bounds [0x0000027cd8f10000, 0x0000027cd9180000, 0x0000027cd94b0000]
 total_blobs=3931 nmethods=2890 adapters=952
 compilation: enabled
              stopped_count=0, restarted_count=0
 full_count=0

Compilation events (10 events):
Event: 2.772 Thread 0x0000027cf52af800 2886       3       androidx.compose.ui.platform.SkiaBasedOwner$createLayer$1::invoke (32 bytes)
Event: 2.772 Thread 0x0000027cf52af800 nmethod 2886 0x0000027cd9a6da90 code [0x0000027cd9a6dc60, 0x0000027cd9a6df98]
Event: 2.897 Thread 0x0000027cf52ac800 2888       4       java.lang.Integer::valueOf (32 bytes)
Event: 2.898 Thread 0x0000027cf52ac800 nmethod 2888 0x0000027ce0b0bf90 code [0x0000027ce0b0c120, 0x0000027ce0b0c1f8]
Event: 2.998 Thread 0x0000027cf52ac800 2889       4       java.util.concurrent.locks.AbstractQueuedSynchronizer::release (33 bytes)
Event: 3.000 Thread 0x0000027cf52ac800 nmethod 2889 0x0000027ce0b0c290 code [0x0000027ce0b0c420, 0x0000027ce0b0c668]
Event: 3.601 Thread 0x0000027cf52af800 2890       1       kotlinx.coroutines.EventLoopImplBase$DelayedTask::setIndex (6 bytes)
Event: 3.601 Thread 0x0000027cf52af800 nmethod 2890 0x0000027ce0b0c810 code [0x0000027ce0b0c9a0, 0x0000027ce0b0ca58]
Event: 3.601 Thread 0x0000027cf52af800 2891       3       kotlinx.coroutines.AbstractTimeSourceKt::getTimeSource (4 bytes)
Event: 3.602 Thread 0x0000027cf52af800 nmethod 2891 0x0000027cd9a6e090 code [0x0000027cd9a6e220, 0x0000027cd9a6e318]

GC Heap History (6 events):
Event: 0.520 GC heap before
{Heap before GC invocations=0 (full 0):
 garbage-first heap   total 262144K, used 24576K [0x0000000701200000, 0x0000000800000000)
  region size 1024K, 24 young (24576K), 0 survivors (0K)
 Metaspace       used 13027K, capacity 13261K, committed 13312K, reserved 1060864K
  class space    used 1182K, capacity 1278K, committed 1280K, reserved 1048576K
}
Event: 0.522 GC heap after
{Heap after GC invocations=1 (full 0):
 garbage-first heap   total 262144K, used 3387K [0x0000000701200000, 0x0000000800000000)
  region size 1024K, 3 young (3072K), 3 survivors (3072K)
 Metaspace       used 13027K, capacity 13261K, committed 13312K, reserved 1060864K
  class space    used 1182K, capacity 1278K, committed 1280K, reserved 1048576K
}
Event: 0.931 GC heap before
{Heap before GC invocations=1 (full 0):
 garbage-first heap   total 262144K, used 32059K [0x0000000701200000, 0x0000000800000000)
  region size 1024K, 32 young (32768K), 3 survivors (3072K)
 Metaspace       used 20763K, capacity 21162K, committed 21296K, reserved 1069056K
  class space    used 2163K, capacity 2366K, committed 2432K, reserved 1048576K
}
Event: 0.934 GC heap after
{Heap after GC invocations=2 (full 0):
 garbage-first heap   total 262144K, used 4762K [0x0000000701200000, 0x0000000800000000)
  region size 1024K, 5 young (5120K), 5 survivors (5120K)
 Metaspace       used 20763K, capacity 21162K, committed 21296K, reserved 1069056K
  class space    used 2163K, capacity 2366K, committed 2432K, reserved 1048576K
}
Event: 1.927 GC heap before
{Heap before GC invocations=3 (full 0):
 garbage-first heap   total 262144K, used 48794K [0x0000000701200000, 0x0000000800000000)
  region size 1024K, 48 young (49152K), 5 survivors (5120K)
 Metaspace       used 28495K, capacity 28932K, committed 29104K, reserved 1075200K
  class space    used 3014K, capacity 3205K, committed 3328K, reserved 1048576K
}
Event: 1.931 GC heap after
{Heap after GC invocations=4 (full 0):
 garbage-first heap   total 262144K, used 6662K [0x0000000701200000, 0x0000000800000000)
  region size 1024K, 4 young (4096K), 4 survivors (4096K)
 Metaspace       used 28495K, capacity 28932K, committed 29104K, reserved 1075200K
  class space    used 3014K, capacity 3205K, committed 3328K, reserved 1048576K
}

Deoptimization events (10 events):
Event: 0.690 Thread 0x0000027cf5ce3800 Uncommon trap: reason=unstable_if action=reinterpret pc=0x0000027ce0a2fe04 method=java.lang.StringUTF16.compress([CI[BII)I @ 20 c2
Event: 0.697 Thread 0x0000027cf5ce3800 Uncommon trap: reason=unstable_if action=reinterpret pc=0x0000027ce0a316fc method=java.lang.String.startsWith(Ljava/lang/String;I)Z @ 14 c2
Event: 0.969 Thread 0x0000027cf5ce3800 Uncommon trap: reason=unstable_if action=reinterpret pc=0x0000027ce0a58eb0 method=jdk.internal.loader.URLClassPath.getResource(Ljava/lang/String;Z)Ljdk/internal/loader/Resource; @ 47 c2
Event: 1.026 Thread 0x0000027cf5298800 Uncommon trap: reason=unstable_if action=reinterpret pc=0x0000027ce0a6a3f0 method=java.util.concurrent.ConcurrentHashMap.putVal(Ljava/lang/Object;Ljava/lang/Object;Z)Ljava/lang/Object; @ 256 c2
Event: 1.034 Thread 0x0000027cf5298800 Uncommon trap: reason=unstable_if action=reinterpret pc=0x0000027ce0a49448 method=java.lang.String.startsWith(Ljava/lang/String;I)Z @ 14 c2
Event: 1.195 Thread 0x0000027cf5ce3800 Uncommon trap: reason=null_assert_or_unreached0 action=make_not_entrant pc=0x0000027ce0a91aa0 method=androidx.compose.ui.node.LayoutNodeWrapper.invalidateLayer()V @ 4 c2
Event: 1.322 Thread 0x0000027cf5ce3800 Uncommon trap: reason=unstable_if action=reinterpret pc=0x0000027ce0a8a35c method=androidx.compose.runtime.SlotTableKt.countOneBits(I)I @ 1 c2
Event: 1.325 Thread 0x0000027cf5ce3800 Uncommon trap: reason=unstable_if action=reinterpret pc=0x0000027ce0a819e0 method=androidx.compose.runtime.SlotWriter.dataAnchorToDataIndex(III)I @ 1 c2
Event: 2.376 Thread 0x0000027cf5ce3800 Uncommon trap: reason=bimorphic_or_optimized_type_check action=maybe_recompile pc=0x0000027ce0a57244 method=java.util.HashMap.putVal(ILjava/lang/Object;Ljava/lang/Object;ZZ)Ljava/lang/Object; @ 91 c2
Event: 2.389 Thread 0x0000027cf5ce3800 Uncommon trap: reason=bimorphic_or_optimized_type_check action=maybe_recompile pc=0x0000027ce0a57244 method=java.util.HashMap.putVal(ILjava/lang/Object;Ljava/lang/Object;ZZ)Ljava/lang/Object; @ 91 c2

Classes redefined (0 events):
No events

Internal exceptions (10 events):
Event: 0.556 Thread 0x0000027cf5ce3800 Exception <a 'java/lang/NoSuchMethodError'{0x0000000710e42288}: java.lang.invoke.DirectMethodHandle$Holder.invokeSpecial(Ljava/lang/Object;Ljava/lang/Object;ILjava/lang/Object;Ljava/lang/Object;Ljava/lang/Object;)Ljava/lang/Object;> (0x0000000710e42288) t
Event: 0.557 Thread 0x0000027cf5ce3800 Exception <a 'java/lang/NoSuchMethodError'{0x0000000710e59e68}: java.lang.invoke.DirectMethodHandle$Holder.invokeStatic(Ljava/lang/Object;ILjava/lang/Object;)Ljava/lang/Object;> (0x0000000710e59e68) thrown at [./open/src/hotspot/share/interpreter/linkReso
Event: 0.568 Thread 0x0000027cf5ce3800 Exception <a 'java/lang/ClassNotFoundException'{0x0000000710d04e58}: com/sun/swing/internal/plaf/metal/resources/spi/metalProvider> (0x0000000710d04e58) thrown at [./open/src/hotspot/share/classfile/systemDictionary.cpp, line 228]
Event: 0.568 Thread 0x0000027cf5ce3800 Exception <a 'java/lang/ClassNotFoundException'{0x0000000710d09260}: com/sun/swing/internal/plaf/basic/resources/spi/basicProvider> (0x0000000710d09260) thrown at [./open/src/hotspot/share/classfile/systemDictionary.cpp, line 228]
Event: 0.680 Thread 0x0000027cf5ce3800 Exception <a 'java/lang/NoSuchMethodError'{0x0000000710439b10}: java.lang.invoke.DirectMethodHandle$Holder.invokeStaticInit(Ljava/lang/Object;)V> (0x0000000710439b10) thrown at [./open/src/hotspot/share/interpreter/linkResolver.cpp, line 772]
Event: 0.699 Thread 0x0000027cf5ce3800 Exception <a 'java/lang/NoSuchMethodError'{0x00000007103fdee8}: java.lang.invoke.DirectMethodHandle$Holder.invokeStatic(Ljava/lang/Object;Ljava/lang/Object;Ljava/lang/Object;Ljava/lang/Object;Ljava/lang/Object;Ljava/lang/Object;Ljava/lang/Object;Ljava/lan
Event: 0.700 Thread 0x0000027cf5ce3800 Exception <a 'java/lang/NoSuchMethodError'{0x000000071021c838}: java.lang.invoke.DirectMethodHandle$Holder.invokeStatic(Ljava/lang/Object;Ljava/lang/Object;Ljava/lang/Object;Ljava/lang/Object;Ljava/lang/Object;Ljava/lang/Object;Ljava/lang/Object;Ljava/lan
Event: 0.700 Thread 0x0000027cf5ce3800 Exception <a 'java/lang/NoSuchMethodError'{0x000000071023ba70}: java.lang.invoke.DirectMethodHandle$Holder.invokeStatic(Ljava/lang/Object;Ljava/lang/Object;Ljava/lang/Object;Ljava/lang/Object;Ljava/lang/Object;Ljava/lang/Object;Ljava/lang/Object;Ljava/lan
Event: 0.701 Thread 0x0000027cf5ce3800 Exception <a 'java/lang/NoSuchMethodError'{0x0000000710247c70}: java.lang.invoke.Invokers$Holder.linkToTargetMethod(Ljava/lang/Object;ILjava/lang/Object;)Ljava/lang/Object;> (0x0000000710247c70) thrown at [./open/src/hotspot/share/interpreter/linkResolver
Event: 2.451 Thread 0x0000027cf5ce3800 Exception <a 'java/lang/ClassNotFoundException'{0x0000000710cb0c88}: sun/awt/windows/spi/awtLocalizationProvider> (0x0000000710cb0c88) thrown at [./open/src/hotspot/share/classfile/systemDictionary.cpp, line 228]

Events (10 events):
Event: 2.453 loading class java/awt/WaitDispatchSupport$4
Event: 2.453 loading class java/awt/WaitDispatchSupport$4 done
Event: 2.511 Executing VM operation: RevokeBias
Event: 2.511 Executing VM operation: RevokeBias done
Event: 2.601 loading class androidx/compose/material/ripple/RippleAnimation$fadeOut$2
Event: 2.601 loading class androidx/compose/material/ripple/RippleAnimation$fadeOut$2 done
Event: 2.601 loading class androidx/compose/material/ripple/RippleAnimation$fadeOut$2$1
Event: 2.601 loading class androidx/compose/material/ripple/RippleAnimation$fadeOut$2$1 done
Event: 2.860 loading class sun/awt/ModalExclude
Event: 2.860 loading class sun/awt/ModalExclude done


Dynamic libraries:
0x00007ff680830000 - 0x00007ff68083f000 	C:\Program Files\Java\jdk-11.0.12\bin\java.exe
0x00007ff807250000 - 0x00007ff807447000 	C:\Windows\SYSTEM32\ntdll.dll
0x00007ff806930000 - 0x00007ff8069ed000 	C:\Windows\System32\KERNEL32.DLL
0x00007ff804a70000 - 0x00007ff804d3d000 	C:\Windows\System32\KERNELBASE.dll
0x00007ff804970000 - 0x00007ff804a70000 	C:\Windows\System32\ucrtbase.dll
0x00007fffe0e50000 - 0x00007fffe0e65000 	C:\Program Files\Java\jdk-11.0.12\bin\VCRUNTIME140.dll
0x00007fffe6f20000 - 0x00007fffe6f38000 	C:\Program Files\Java\jdk-11.0.12\bin\jli.dll
0x00007ff805550000 - 0x00007ff8055fe000 	C:\Windows\System32\ADVAPI32.dll
0x00007ff805b70000 - 0x00007ff805c0e000 	C:\Windows\System32\msvcrt.dll
0x00007ff8058f0000 - 0x00007ff80598c000 	C:\Windows\System32\sechost.dll
0x00007ff805e50000 - 0x00007ff805f75000 	C:\Windows\System32\RPCRT4.dll
0x00007ff806790000 - 0x00007ff806930000 	C:\Windows\System32\USER32.dll
0x00007ff805280000 - 0x00007ff8052a2000 	C:\Windows\System32\win32u.dll
0x00007ffff4d70000 - 0x00007ffff500a000 	C:\Windows\WinSxS\amd64_microsoft.windows.common-controls_6595b64144ccf1df_6.0.19041.1110_none_60b5254171f9507e\COMCTL32.dll
0x00007ff805b40000 - 0x00007ff805b6a000 	C:\Windows\System32\GDI32.dll
0x00007ff805020000 - 0x00007ff80512b000 	C:\Windows\System32\gdi32full.dll
0x00007ff805130000 - 0x00007ff8051cd000 	C:\Windows\System32\msvcp_win.dll
0x00007ff802930000 - 0x00007ff80293a000 	C:\Windows\SYSTEM32\VERSION.dll
0x00007ff806760000 - 0x00007ff806790000 	C:\Windows\System32\IMM32.DLL
0x00007fffb8b20000 - 0x00007fffb8bbb000 	C:\Program Files\Java\jdk-11.0.12\bin\msvcp140.dll
0x00007fff98600000 - 0x00007fff990ff000 	C:\Program Files\Java\jdk-11.0.12\bin\server\jvm.dll
0x00007ff805540000 - 0x00007ff805548000 	C:\Windows\System32\PSAPI.DLL
0x00007ffff60b0000 - 0x00007ffff60d7000 	C:\Windows\SYSTEM32\WINMM.dll
0x00007ff8006f0000 - 0x00007ff8006f9000 	C:\Windows\SYSTEM32\WSOCK32.dll
0x00007ff805d80000 - 0x00007ff805deb000 	C:\Windows\System32\WS2_32.dll
0x00007ff8031e0000 - 0x00007ff8031f2000 	C:\Windows\SYSTEM32\kernel.appcore.dll
0x00007ffffb690000 - 0x00007ffffb6a0000 	C:\Program Files\Java\jdk-11.0.12\bin\verify.dll
0x00007ffffd680000 - 0x00007ffffd864000 	C:\Windows\SYSTEM32\DBGHELP.DLL
0x00007ffff5c50000 - 0x00007ffff5c7c000 	C:\Windows\SYSTEM32\dbgcore.DLL
0x00007ff804db0000 - 0x00007ff804e32000 	C:\Windows\System32\bcryptPrimitives.dll
0x00007fffda5f0000 - 0x00007fffda618000 	C:\Program Files\Java\jdk-11.0.12\bin\java.dll
0x00007ffffb150000 - 0x00007ffffb15a000 	C:\Program Files\Java\jdk-11.0.12\bin\jimage.dll
0x00007fffe3b70000 - 0x00007fffe3b7e000 	C:\Program Files\Java\jdk-11.0.12\bin\instrument.dll
0x00007fffd9400000 - 0x00007fffd9416000 	C:\Program Files\Java\jdk-11.0.12\bin\zip.dll
0x00007ff8069f0000 - 0x00007ff807134000 	C:\Windows\System32\SHELL32.dll
0x00007ff802940000 - 0x00007ff8030d4000 	C:\Windows\SYSTEM32\windows.storage.dll
0x00007ff805f80000 - 0x00007ff8062d4000 	C:\Windows\System32\combase.dll
0x00007ff8042f0000 - 0x00007ff80431c000 	C:\Windows\SYSTEM32\Wldp.dll
0x00007ff805c70000 - 0x00007ff805d1d000 	C:\Windows\System32\SHCORE.dll
0x00007ff805df0000 - 0x00007ff805e45000 	C:\Windows\System32\shlwapi.dll
0x00007ff8048b0000 - 0x00007ff8048cf000 	C:\Windows\SYSTEM32\profapi.dll
0x00007fffd93e0000 - 0x00007fffd93f9000 	C:\Program Files\Java\jdk-11.0.12\bin\net.dll
0x00007ffffe9b0000 - 0x00007ffffeaba000 	C:\Windows\SYSTEM32\WINHTTP.dll
0x00007ff8040d0000 - 0x00007ff80413a000 	C:\Windows\system32\mswsock.dll
0x00007fffd6c20000 - 0x00007fffd6c32000 	C:\Program Files\Java\jdk-11.0.12\bin\nio.dll
0x00007fffe09e0000 - 0x00007fffe09fa000 	C:\Program Files\JetBrains\IntelliJ IDEA Community Edition 2022.1.1\bin\breakgen64.dll
0x00007fffb52b0000 - 0x00007fffb544a000 	C:\Program Files\Java\jdk-11.0.12\bin\awt.dll
0x00007ff807140000 - 0x00007ff80720d000 	C:\Windows\System32\OLEAUT32.dll
0x00007ff8020a0000 - 0x00007ff802130000 	C:\Windows\SYSTEM32\apphelp.dll
0x00007ff8021d0000 - 0x00007ff80226e000 	C:\Windows\system32\uxtheme.dll
0x00007ff805a10000 - 0x00007ff805b25000 	C:\Windows\System32\MSCTF.dll
0x00007ff8052b0000 - 0x00007ff8053da000 	C:\Windows\System32\ole32.dll
0x00007ff8025a0000 - 0x00007ff8025cf000 	C:\Windows\system32\DWMAPI.DLL
0x00007fffb9f30000 - 0x00007fffba056000 	C:\Windows\system32\opengl32.dll
0x00007ffffb0d0000 - 0x00007ffffb0fc000 	C:\Windows\SYSTEM32\GLU32.dll
0x00007fffe5e90000 - 0x00007fffe605f000 	C:\Windows\system32\d3d9.dll
0x00007fffe28d0000 - 0x00007fffe29d7000 	C:\Windows\System32\DriverStore\FileRepository\nv_dispi.inf_amd64_3b12ac0f95b18b9d\nvldumdx.dll
0x00007ff804560000 - 0x00007ff804572000 	C:\Windows\SYSTEM32\msasn1.dll
0x00007ffffe210000 - 0x00007ffffe241000 	C:\Windows\SYSTEM32\cryptnet.dll
0x00007ff804e40000 - 0x00007ff804f96000 	C:\Windows\System32\CRYPT32.dll
0x00007ffffca30000 - 0x00007ffffcb78000 	C:\Windows\SYSTEM32\drvstore.dll
0x00007ff804720000 - 0x00007ff80474c000 	C:\Windows\SYSTEM32\devobj.dll
0x00007ff804fa0000 - 0x00007ff804fee000 	C:\Windows\System32\cfgmgr32.dll
0x00007ff804260000 - 0x00007ff80426c000 	C:\Windows\SYSTEM32\cryptbase.dll
0x00007ff804d40000 - 0x00007ff804da7000 	C:\Windows\System32\WINTRUST.DLL
0x00007ff805520000 - 0x00007ff80553d000 	C:\Windows\System32\imagehlp.dll
0x00007ff804330000 - 0x00007ff804348000 	C:\Windows\SYSTEM32\CRYPTSP.dll
0x00007ff803a00000 - 0x00007ff803a34000 	C:\Windows\system32\rsaenh.dll
0x00007ff804ff0000 - 0x00007ff805017000 	C:\Windows\System32\bcrypt.dll
0x00007fff91c50000 - 0x00007fff933d8000 	C:\Windows\System32\DriverStore\FileRepository\nv_dispi.inf_amd64_3b12ac0f95b18b9d\nvd3dumx.dll
0x00007fffb5cd0000 - 0x00007fffb5f97000 	C:\Windows\system32\nvspcap64.dll
0x00007ff803600000 - 0x00007ff803633000 	C:\Windows\SYSTEM32\ntmarta.dll
0x00007ff803200000 - 0x00007ff803223000 	C:\Windows\SYSTEM32\gpapi.dll
0x00007fffe29e0000 - 0x00007fffe2a1b000 	C:\Windows\SYSTEM32\dxcore.dll
0x00007fff94ff0000 - 0x00007fff95f97000 	C:\Users\Victor\.skiko\910c5adfbcd6cf51bf4c5a52ed8f9819cce19290cdf0426dcffb7f96500367e6\skiko-windows-x64.dll
0x00007fffc8950000 - 0x00007fffc89d6000 	C:\Program Files\Java\jdk-11.0.12\bin\freetype.dll
0x00007fffc0ab0000 - 0x00007fffc0b52000 	C:\Program Files\Java\jdk-11.0.12\bin\fontmanager.dll
0x00007fffe0e20000 - 0x00007fffe0e27000 	C:\Program Files\Java\jdk-11.0.12\bin\jawt.dll
0x00007ff803230000 - 0x00007ff803323000 	C:\Windows\SYSTEM32\Dxgi.dll
0x00007fffd8f10000 - 0x00007fffd8f30000 	C:\Windows\SYSTEM32\D3D12.dll
0x00007fffbd500000 - 0x00007fffbd6cd000 	C:\Windows\SYSTEM32\D3D12Core.dll
0x00007fffc3df0000 - 0x00007fffc671d000 	C:\Windows\System32\DriverStore\FileRepository\nv_dispi.inf_amd64_3b12ac0f95b18b9d\nvwgf2umx.dll
0x00007fffd5ef0000 - 0x00007fffd5f1b000 	C:\Windows\SYSTEM32\D3DSCache.dll
0x00007ff804870000 - 0x00007ff80489e000 	C:\Windows\SYSTEM32\USERENV.dll
0x00007fffeb580000 - 0x00007fffeb780000 	C:\Windows\SYSTEM32\twinapi.appcore.dll
0x00007fffd83f0000 - 0x00007fffd866f000 	C:\Windows\SYSTEM32\dwrite.dll
0x00007ff801580000 - 0x00007ff801764000 	C:\Windows\SYSTEM32\dcomp.dll
0x00007ff800980000 - 0x00007ff800ddd000 	C:\Windows\SYSTEM32\d3dcompiler_47.dll
0x00007fffe3f40000 - 0x00007fffe4039000 	C:\Windows\SYSTEM32\textinputframework.dll
0x00007ff801b40000 - 0x00007ff801e9e000 	C:\Windows\System32\CoreUIComponents.dll
0x00007ff801ea0000 - 0x00007ff801f92000 	C:\Windows\System32\CoreMessaging.dll
0x00007ff8013d0000 - 0x00007ff801524000 	C:\Windows\SYSTEM32\wintypes.dll
0x00007ff8053e0000 - 0x00007ff8054bb000 	C:\Windows\System32\COMDLG32.dll
0x00007ff805840000 - 0x00007ff8058e9000 	C:\Windows\System32\clbcatq.dll
0x00007fffb4080000 - 0x00007fffb4129000 	C:\Program Files\Common Files\microsoft shared\ink\tiptsf.dll
0x00007fffd68d0000 - 0x00007fffd697c000 	C:\Windows\SYSTEM32\TextShaping.dll
0x00007fffd3ff0000 - 0x00007fffd4014000 	C:\Windows\SYSTEM32\edputil.dll
0x00007fffe3c50000 - 0x00007fffe3e04000 	C:\Windows\SYSTEM32\WindowsCodecs.dll
0x00007fffd9610000 - 0x00007fffd9676000 	C:\Windows\System32\thumbcache.dll
0x00007fffff280000 - 0x00007fffff376000 	C:\Windows\system32\propsys.dll
0x00007fffd3440000 - 0x00007fffd34bd000 	C:\Windows\SYSTEM32\ntshrui.dll
0x00007ff804830000 - 0x00007ff804862000 	C:\Windows\SYSTEM32\SspiCli.dll
0x00007ffffeaf0000 - 0x00007ffffeb18000 	C:\Windows\SYSTEM32\srvcli.dll
0x00007fffe9210000 - 0x00007fffe9222000 	C:\Windows\SYSTEM32\cscapi.dll
0x00007ffffed00000 - 0x00007ffffed36000 	C:\Windows\SYSTEM32\XmlLite.dll
0x00007fffd32b0000 - 0x00007fffd3311000 	C:\Windows\System32\Windows.FileExplorer.Common.dll
0x00007fffd96f0000 - 0x00007fffd96fd000 	C:\Windows\SYSTEM32\LINKINFO.dll
0x00007fffbfbc0000 - 0x00007fffbfbd7000 	C:\Windows\system32\NetworkExplorer.dll
0x00007fffc7990000 - 0x00007fffc7a56000 	C:\Windows\system32\Windows.Storage.Search.dll
0x00007fffe2780000 - 0x00007fffe28c6000 	C:\Windows\System32\Windows.StateRepositoryPS.dll
0x00007fffbfbf0000 - 0x00007fffbfc5a000 	C:\Windows\SYSTEM32\searchfolder.dll
0x00007fffd5dc0000 - 0x00007fffd5e66000 	C:\Windows\System32\StructuredQuery.dll
0x00007fffd8100000 - 0x00007fffd813e000 	C:\Windows\system32\dataexchange.dll
0x00007ff800710000 - 0x00007ff800973000 	C:\Windows\system32\d3d11.dll
0x00007ff803dd0000 - 0x00007ff803ddc000 	C:\Windows\SYSTEM32\netutils.dll
0x00007ffffeb40000 - 0x00007ffffeb5f000 	C:\Windows\SYSTEM32\MPR.dll
0x00007fffe6f40000 - 0x00007fffe6f5d000 	C:\Windows\System32\p9np.dll
0x00007ffffb020000 - 0x00007ffffb02b000 	C:\Windows\System32\drprov.dll
0x00007ff8036a0000 - 0x00007ff8036fa000 	C:\Windows\System32\WINSTA.dll
0x00007fffe6820000 - 0x00007fffe6840000 	C:\Windows\System32\ntlanman.dll
0x00007fffe0a20000 - 0x00007fffe0a3e000 	C:\Windows\System32\davclnt.dll
0x00007fffe6810000 - 0x00007fffe681d000 	C:\Windows\System32\DAVHLPR.dll
0x00007fffd6b90000 - 0x00007fffd6bb8000 	C:\Windows\system32\mssprxy.dll
0x00007ffff71e0000 - 0x00007ffff7491000 	C:\Windows\System32\iertutil.dll
0x00007ff803b20000 - 0x00007ff803b39000 	C:\Windows\System32\wkscli.dll
0x00007ffff61c0000 - 0x00007ffff62b4000 	C:\Windows\System32\MrmCoreR.dll
0x00007ffff7500000 - 0x00007ffff7511000 	C:\Windows\SYSTEM32\windows.staterepositorycore.dll
0x00007fffd2880000 - 0x00007fffd2fe7000 	C:\Windows\System32\ieframe.dll

dbghelp: loaded successfully - version: 4.0.5 - missing functions: none
symbol engine: initialized successfully - sym options: 0x614 - pdb path: .;C:\Program Files\Java\jdk-11.0.12\bin;C:\Windows\SYSTEM32;C:\Windows\WinSxS\amd64_microsoft.windows.common-controls_6595b64144ccf1df_6.0.19041.1110_none_60b5254171f9507e;C:\Program Files\Java\jdk-11.0.12\bin\server;C:\Program Files\JetBrains\IntelliJ IDEA Community Edition 2022.1.1\bin;C:\Windows\System32\DriverStore\FileRepository\nv_dispi.inf_amd64_3b12ac0f95b18b9d;C:\Users\Victor\.skiko\910c5adfbcd6cf51bf4c5a52ed8f9819cce19290cdf0426dcffb7f96500367e6;C:\Program Files\Common Files\microsoft shared\ink;C:\Program Files (x86)\Internet Download Manager;C:\Program Files (x86)\Common Files\Adobe\CoreSyncExtension;C:\Users\Victor\AppData\Local\Microsoft\OneDrive\22.121.0605.0002

VM Arguments:
jvm_args: -Djava.library.path=C:\Users\Victor\Documents\IdeaProjects\CanvasDemo\build\classes\kotlin\jvm\main -javaagent:C:\Program Files\JetBrains\IntelliJ IDEA Community Edition 2022.1.1\lib\idea_rt.jar=9679:C:\Program Files\JetBrains\IntelliJ IDEA Community Edition 2022.1.1\bin -Dfile.encoding=UTF-8 
java_command: dev.victor.canvas.MainKt
java_class_path (initial): C:\Users\Victor\Documents\IdeaProjects\CanvasDemo\build\classes\kotlin\jvm\main;C:\Users\Victor\.gradle\caches\modules-2\files-2.1\com.godaddy.android.colorpicker\compose-color-picker-jvm\0.4.2\da3b573ddbdc80347726ba9d12f1cf4996c6ff91\color-picker-jvm.jar;C:\Users\Victor\.gradle\caches\modules-2\files-2.1\com.godaddy.android.colorpicker\compose-color-picker\0.4.2\42c40ede6f56bbb0767849296f1eaa386ef0d037\color-picker.jar;C:\Users\Victor\.gradle\caches\modules-2\files-2.1\io.coil-kt\coil-compose\2.1.0\de82497fbe729c7145da8e4c6b7fa157c9a4df70\coil-compose-2.1.0.aar;C:\Users\Victor\.gradle\caches\modules-2\files-2.1\io.coil-kt\coil\2.1.0\1afdb64112f7c4af5e8ca90a6275545764d48cdf\coil-2.1.0.aar;C:\Users\Victor\.gradle\caches\modules-2\files-2.1\androidx.compose.material\material-icons-extended\1.1.1\61ae718fba7434e93ccca17a67a32ab2adb52bed\material-icons-extended-1.1.1.aar;C:\Users\Victor\.gradle\caches\modules-2\files-2.1\org.jetbrains.kotlinx\kotlinx-serialization-json\1.3.2\80a92939800af96a0d0fcfbccf28c3991d23a65\kotlinx-serialization-json-1.3.2.jar;C:\Users\Victor\.gradle\caches\modules-2\files-2.1\org.jetbrains.kotlin\kotlin-stdlib-jdk8\1.6.10\e80fe6ac3c3573a80305f5ec43f86b829e8ab53d\kotlin-stdlib-jdk8-1.6.10.jar;C:\Users\Victor\.gradle\caches\modules-2\files-2.1\io.coil-kt\coil-compose-base\2.1.0\f535d3934c0c1a6a8eeef5d55eeb734330a70d63\coil-compose-base-2.1.0.aar;C:\Users\Victor\.gradle\caches\modules-2\files-2.1\org.jetbrains.skiko\skiko-awt-runtime-windows-x64\0.7.16\9b756b901c98b4f5192d92c897e5cf6c86c5255e\skiko-awt-runtime-windows-x64-0.7.16.jar;C:\Users\Victor\.gradle\caches\modules-2\files-2.1\io.coil-kt\coil-base\2.1.0\1d8c056faf4b678db3aa6ddfaf1f377922e44637\coil-base-2.1.0.aar;C:\Users\Victor\.gradle\caches\modules-2\files-2.1\org.jetbrains.compose.desktop\desktop\1.1.1\5b8f86fea035328fc9e8c660773037a3401ce25f\desktop-metadata-1.1.1.jar;C:\Users\Victor\.gradle\caches\modules-2\files-2.1\androidx.compose.material\material-icons-
Launcher Type: SUN_STANDARD

[Global flags]
     intx CICompilerCount                          = 4                                         {product} {ergonomic}
     uint ConcGCThreads                            = 3                                         {product} {ergonomic}
     uint G1ConcRefinementThreads                  = 10                                        {product} {ergonomic}
   size_t G1HeapRegionSize                         = 1048576                                   {product} {ergonomic}
    uintx GCDrainStackTargetSize                   = 64                                        {product} {ergonomic}
   size_t InitialHeapSize                          = 268435456                                 {product} {ergonomic}
   size_t MarkStackSize                            = 4194304                                   {product} {ergonomic}
   size_t MaxHeapSize                              = 4276092928                                {product} {ergonomic}
   size_t MaxNewSize                               = 2564816896                                {product} {ergonomic}
   size_t MinHeapDeltaBytes                        = 1048576                                   {product} {ergonomic}
    uintx NonNMethodCodeHeapSize                   = 5836300                                {pd product} {ergonomic}
    uintx NonProfiledCodeHeapSize                  = 122910970                              {pd product} {ergonomic}
    uintx ProfiledCodeHeapSize                     = 122910970                              {pd product} {ergonomic}
    uintx ReservedCodeCacheSize                    = 251658240                              {pd product} {ergonomic}
     bool SegmentedCodeCache                       = true                                      {product} {ergonomic}
     bool UseCompressedClassPointers               = true                                 {lp64_product} {ergonomic}
     bool UseCompressedOops                        = true                                 {lp64_product} {ergonomic}
     bool UseG1GC                                  = true                                      {product} {ergonomic}
     bool UseLargePagesIndividualAllocation        = false                                  {pd product} {ergonomic}

Logging:
Log output configuration:
 #0: stdout all=warning uptime,level,tags
 #1: stderr all=off uptime,level,tags

Environment Variables:
JAVA_HOME=C:\Program Files\Java\jdk-17.0.2
PATH=C:\ffmpeg\bin;C:\Program Files\Python310\Scripts\;C:\Program Files\Python310\;C:\Program Files\Microsoft MPI\Bin\;C:\Program Files\Java\jdk-17.0.2\bin;C:\Program Files\Amazon Corretto\jdk11.0.12_7\bin;C:\Program Files\Common Files\Oracle\Java\javapath;C:\Program Files (x86)\Common Files\Oracle\Java\javapath;C:\Program Files (x86)\Common Files\Intel\Shared Libraries\redist\intel64\compiler;C:\Windows\system32;C:\Windows;C:\Windows\System32\Wbem;C:\Windows\System32\WindowsPowerShell\v1.0\;C:\Windows\System32\OpenSSH\;C:\Program Files (x86)\NVIDIA Corporation\PhysX\Common;C:\Program Files (x86)\Calibre2\;C:\Program Files\Amazon\AWSCLI\bin\;C:\Program Files\Mozart\bin;C:\Program Files\NVIDIA Corporation\NVIDIA NvDLISR;C:\ProgramData\chocolatey\bin;C:\Program Files (x86)\Microsoft SQL Server\150\Tools\Binn\;C:\Program Files\Microsoft SQL Server\150\Tools\Binn\;C:\Program Files\Microsoft SQL Server\150\DTS\Binn\;C:\Program Files\Microsoft SQL Server\Client SDK\ODBC\170\Tools\Binn\;C:\Program Files\Azure Data Studio;C:\Users\Victor\scoop\apps\latex\current\texmfs\install\miktex\bin\x64;C:\Users\Victor\scoop\apps\tinytex\current\bin\win32;C:\Users\Victor\scoop\shims;C:\Users\Victor\AppData\Local\Microsoft\WindowsApps;C:\Users\Victor\AppData\Local\Programs\Microsoft VS Code\bin;C:\Users\Victor\AppData\Local\Programs\MiKTeX\miktex\bin\x64\;C:\Users\Victor\AppData\Local\atom\bin;C:\Users\Victor\AppData\Local\GitHubDesktop\bin;C:\Users\Victor\AppData\Local\gitkraken\bin;C:\Users\Victor\AppData\Roaming\cabal\bin;C:\tools\ghc-9.2.1\bin;C:\tools\msys64;C:\Users\Victor\AppData\Roaming\local\bin;C:\Program Files\Azure Data Studio\bin;C:\Program Files\CMake\bin;C:\dev\vcpkg\installed\x64-windows\bin;C:\Users\Victor\AppData\Roaming\Python\Python310\Scripts;C:\Program Files\JetBrains\IntelliJ IDEA Community Edition 2022.1.1\bin;C:\MinGW\bin;
USERNAME=Victor
OS=Windows_NT
PROCESSOR_IDENTIFIER=AMD64 Family 25 Model 33 Stepping 0, AuthenticAMD



---------------  S Y S T E M  ---------------

OS: Windows 10 , 64 bit Build 19041 (10.0.19041.1741)
Hyper-V role detected

CPU:total 12 (initial active 12) (12 cores per cpu, 2 threads per core) family 25 model 33 stepping 0 microcode 0x0, cmov, cx8, fxsr, mmx, sse, sse2, sse3, ssse3, sse4.1, sse4.2, popcnt, avx, avx2, aes, clmul, erms, mmxext, 3dnowpref, lzcnt, sse4a, ht, tsc, tscinvbit, tscinv, bmi1, bmi2,

Memory: 4k page, system-wide physical 16308M (3080M free)
TotalPageFile size 53172M (AvailPageFile size 17588M)
current process WorkingSet (physical memory assigned to process): 292M, peak: 292M
current process commit charge ("private bytes"): 579M, peak: 579M

vm_info: Java HotSpot(TM) 64-Bit Server VM (11.0.12+8-LTS-237) for windows-amd64 JRE (11.0.12+8-LTS-237), built on Jun  8 2021 11:25:59 by "mach5one" with MS VC++ 15.9 (VS2017)

END.
